Determining if the pthread_create exist failed with the following output:
Change Dir: /home/guanjiayi/GV_Project/GuideAuto/VF_Following_20200830/build/CMakeFiles/CMakeTmp

Run Build Command:"/usr/bin/make" "cmTC_275ab/fast"
/usr/bin/make -f CMakeFiles/cmTC_275ab.dir/build.make CMakeFiles/cmTC_275ab.dir/build
make[1]: Entering directory '/home/guanjiayi/GV_Project/GuideAuto/VF_Following_20200830/build/CMakeFiles/CMakeTmp'
Building C object CMakeFiles/cmTC_275ab.dir/CheckSymbolExists.c.o
/usr/bin/cc    -o CMakeFiles/cmTC_275ab.dir/CheckSymbolExists.c.o   -c /home/guanjiayi/GV_Project/GuideAuto/VF_Following_20200830/build/CMakeFiles/CMakeTmp/CheckSymbolExists.c
Linking C executable cmTC_275ab
/usr/bin/cmake -E cmake_link_script CMakeFiles/cmTC_275ab.dir/link.txt --verbose=1
/usr/bin/cc      -rdynamic CMakeFiles/cmTC_275ab.dir/CheckSymbolExists.c.o  -o cmTC_275ab 
CMakeFiles/cmTC_275ab.dir/CheckSymbolExists.c.o: In function `main':
CheckSymbolExists.c:(.text+0x1b): undefined reference to `pthread_create'
collect2: error: ld returned 1 exit status
CMakeFiles/cmTC_275ab.dir/build.make:97: recipe for target 'cmTC_275ab' failed
make[1]: *** [cmTC_275ab] Error 1
make[1]: Leaving directory '/home/guanjiayi/GV_Project/GuideAuto/VF_Following_20200830/build/CMakeFiles/CMakeTmp'
Makefile:126: recipe for target 'cmTC_275ab/fast' failed
make: *** [cmTC_275ab/fast] Error 2

File /home/guanjiayi/GV_Project/GuideAuto/VF_Following_20200830/build/CMakeFiles/CMakeTmp/CheckSymbolExists.c:
/* */
#include <pthread.h>

int main(int argc, char** argv)
{
  (void)argv;
#ifndef pthread_create
  return ((int*)(&pthread_create))[argc];
#else
  (void)argc;
  return 0;
#endif
}

Determining if the function pthread_create exists in the pthreads failed with the following output:
Change Dir: /home/guanjiayi/GV_Project/GuideAuto/VF_Following_20200830/build/CMakeFiles/CMakeTmp

Run Build Command:"/usr/bin/make" "cmTC_9f8ed/fast"
/usr/bin/make -f CMakeFiles/cmTC_9f8ed.dir/build.make CMakeFiles/cmTC_9f8ed.dir/build
make[1]: Entering directory '/home/guanjiayi/GV_Project/GuideAuto/VF_Following_20200830/build/CMakeFiles/CMakeTmp'
Building C object CMakeFiles/cmTC_9f8ed.dir/CheckFunctionExists.c.o
/usr/bin/cc   -DCHECK_FUNCTION_EXISTS=pthread_create   -o CMakeFiles/cmTC_9f8ed.dir/CheckFunctionExists.c.o   -c /usr/share/cmake-3.10/Modules/CheckFunctionExists.c
Linking C executable cmTC_9f8ed
/usr/bin/cmake -E cmake_link_script CMakeFiles/cmTC_9f8ed.dir/link.txt --verbose=1
/usr/bin/cc  -DCHECK_FUNCTION_EXISTS=pthread_create    -rdynamic CMakeFiles/cmTC_9f8ed.dir/CheckFunctionExists.c.o  -o cmTC_9f8ed -lpthreads 
/usr/bin/ld: cannot find -lpthreads
collect2: error: ld returned 1 exit status
CMakeFiles/cmTC_9f8ed.dir/build.make:97: recipe for target 'cmTC_9f8ed' failed
make[1]: *** [cmTC_9f8ed] Error 1
make[1]: Leaving directory '/home/guanjiayi/GV_Project/GuideAuto/VF_Following_20200830/build/CMakeFiles/CMakeTmp'
Makefile:126: recipe for target 'cmTC_9f8ed/fast' failed
make: *** [cmTC_9f8ed/fast] Error 2


