The system is: Linux - 4.9.140-tegra - aarch64
Compiling the C compiler identification source file "CMakeCCompilerId.c" succeeded.
Compiler: /usr/bin/cc 
Build flags: 
Id flags:  

The output was:
0


Compilation of the C compiler identification source "CMakeCCompilerId.c" produced "a.out"

The C compiler identification is Clang, found in "/home/nvidia/CLionProjects/VF_Following_20200905_n/build/CMakeFiles/3.12.3/CompilerIdC/a.out"

Compiling the CXX compiler identification source file "CMakeCXXCompilerId.cpp" succeeded.
Compiler: /usr/bin/c++ 
Build flags: 
Id flags:  

The output was:
0


Compilation of the CXX compiler identification source "CMakeCXXCompilerId.cpp" produced "a.out"

The CXX compiler identification is Clang, found in "/home/nvidia/CLionProjects/VF_Following_20200905_n/build/CMakeFiles/3.12.3/CompilerIdCXX/a.out"

Determining if the C compiler works passed with the following output:
Change Dir: /home/nvidia/CLionProjects/VF_Following_20200905_n/build/CMakeFiles/CMakeTmp

Run Build Command:"/usr/bin/make" "cmTC_e1c39/fast"
/usr/bin/make -f CMakeFiles/cmTC_e1c39.dir/build.make CMakeFiles/cmTC_e1c39.dir/build
make[1]: Entering directory '/home/nvidia/CLionProjects/VF_Following_20200905_n/build/CMakeFiles/CMakeTmp'
Building C object CMakeFiles/cmTC_e1c39.dir/testCCompiler.c.o
/usr/bin/cc    -o CMakeFiles/cmTC_e1c39.dir/testCCompiler.c.o   -c /home/nvidia/CLionProjects/VF_Following_20200905_n/build/CMakeFiles/CMakeTmp/testCCompiler.c
Linking C executable cmTC_e1c39
/usr/local/bin/cmake -E cmake_link_script CMakeFiles/cmTC_e1c39.dir/link.txt --verbose=1
/usr/bin/cc      -rdynamic CMakeFiles/cmTC_e1c39.dir/testCCompiler.c.o  -o cmTC_e1c39 
make[1]: Leaving directory '/home/nvidia/CLionProjects/VF_Following_20200905_n/build/CMakeFiles/CMakeTmp'


Detecting C compiler ABI info compiled with the following output:
Change Dir: /home/nvidia/CLionProjects/VF_Following_20200905_n/build/CMakeFiles/CMakeTmp

Run Build Command:"/usr/bin/make" "cmTC_038e0/fast"
/usr/bin/make -f CMakeFiles/cmTC_038e0.dir/build.make CMakeFiles/cmTC_038e0.dir/build
make[1]: Entering directory '/home/nvidia/CLionProjects/VF_Following_20200905_n/build/CMakeFiles/CMakeTmp'
Building C object CMakeFiles/cmTC_038e0.dir/CMakeCCompilerABI.c.o
/usr/bin/cc    -o CMakeFiles/cmTC_038e0.dir/CMakeCCompilerABI.c.o   -c /usr/local/share/cmake-3.12/Modules/CMakeCCompilerABI.c
Linking C executable cmTC_038e0
/usr/local/bin/cmake -E cmake_link_script CMakeFiles/cmTC_038e0.dir/link.txt --verbose=1
/usr/bin/cc     -v -rdynamic CMakeFiles/cmTC_038e0.dir/CMakeCCompilerABI.c.o  -o cmTC_038e0 
clang version 6.0.0-1ubuntu2 (tags/RELEASE_600/final)
Target: aarch64-unknown-linux-gnu
Thread model: posix
InstalledDir: /usr/bin
Found candidate GCC installation: /usr/bin/../lib/gcc/aarch64-linux-gnu/7
Found candidate GCC installation: /usr/bin/../lib/gcc/aarch64-linux-gnu/7.5.0
Found candidate GCC installation: /usr/bin/../lib/gcc/aarch64-linux-gnu/8
Found candidate GCC installation: /usr/lib/gcc/aarch64-linux-gnu/7
Found candidate GCC installation: /usr/lib/gcc/aarch64-linux-gnu/7.5.0
Found candidate GCC installation: /usr/lib/gcc/aarch64-linux-gnu/8
Selected GCC installation: /usr/bin/../lib/gcc/aarch64-linux-gnu/7.5.0
Candidate multilib: .;@m64
Selected multilib: .;@m64
 "/usr/bin/ld" -export-dynamic -z relro --hash-style=gnu --eh-frame-hdr -m aarch64linux -export-dynamic -dynamic-linker /lib/ld-linux-aarch64.so.1 -o cmTC_038e0 /usr/bin/../lib/gcc/aarch64-linux-gnu/7.5.0/../../../aarch64-linux-gnu/crt1.o /usr/bin/../lib/gcc/aarch64-linux-gnu/7.5.0/../../../aarch64-linux-gnu/crti.o /usr/bin/../lib/gcc/aarch64-linux-gnu/7.5.0/crtbegin.o -L/usr/bin/../lib/gcc/aarch64-linux-gnu/7.5.0 -L/usr/bin/../lib/gcc/aarch64-linux-gnu/7.5.0/../../../aarch64-linux-gnu -L/lib/aarch64-linux-gnu -L/usr/lib/aarch64-linux-gnu -L/usr/bin/../lib/gcc/aarch64-linux-gnu/7.5.0/../../.. -L/usr/lib/llvm-6.0/bin/../lib -L/lib -L/usr/lib CMakeFiles/cmTC_038e0.dir/CMakeCCompilerABI.c.o -lgcc --as-needed -lgcc_s --no-as-needed -lc -lgcc --as-needed -lgcc_s --no-as-needed /usr/bin/../lib/gcc/aarch64-linux-gnu/7.5.0/crtend.o /usr/bin/../lib/gcc/aarch64-linux-gnu/7.5.0/../../../aarch64-linux-gnu/crtn.o
make[1]: Leaving directory '/home/nvidia/CLionProjects/VF_Following_20200905_n/build/CMakeFiles/CMakeTmp'


Parsed C implicit link information from above output:
  link line regex: [^( *|.*[/\])(ld|CMAKE_LINK_STARTFILE-NOTFOUND|([^/\]+-)?ld|collect2)[^/\]*( |$)]
  ignore line: [Change Dir: /home/nvidia/CLionProjects/VF_Following_20200905_n/build/CMakeFiles/CMakeTmp]
  ignore line: []
  ignore line: [Run Build Command:"/usr/bin/make" "cmTC_038e0/fast"]
  ignore line: [/usr/bin/make -f CMakeFiles/cmTC_038e0.dir/build.make CMakeFiles/cmTC_038e0.dir/build]
  ignore line: [make[1]: Entering directory '/home/nvidia/CLionProjects/VF_Following_20200905_n/build/CMakeFiles/CMakeTmp']
  ignore line: [Building C object CMakeFiles/cmTC_038e0.dir/CMakeCCompilerABI.c.o]
  ignore line: [/usr/bin/cc    -o CMakeFiles/cmTC_038e0.dir/CMakeCCompilerABI.c.o   -c /usr/local/share/cmake-3.12/Modules/CMakeCCompilerABI.c]
  ignore line: [Linking C executable cmTC_038e0]
  ignore line: [/usr/local/bin/cmake -E cmake_link_script CMakeFiles/cmTC_038e0.dir/link.txt --verbose=1]
  ignore line: [/usr/bin/cc     -v -rdynamic CMakeFiles/cmTC_038e0.dir/CMakeCCompilerABI.c.o  -o cmTC_038e0 ]
  ignore line: [clang version 6.0.0-1ubuntu2 (tags/RELEASE_600/final)]
  ignore line: [Target: aarch64-unknown-linux-gnu]
  ignore line: [Thread model: posix]
  ignore line: [InstalledDir: /usr/bin]
  ignore line: [Found candidate GCC installation: /usr/bin/../lib/gcc/aarch64-linux-gnu/7]
  ignore line: [Found candidate GCC installation: /usr/bin/../lib/gcc/aarch64-linux-gnu/7.5.0]
  ignore line: [Found candidate GCC installation: /usr/bin/../lib/gcc/aarch64-linux-gnu/8]
  ignore line: [Found candidate GCC installation: /usr/lib/gcc/aarch64-linux-gnu/7]
  ignore line: [Found candidate GCC installation: /usr/lib/gcc/aarch64-linux-gnu/7.5.0]
  ignore line: [Found candidate GCC installation: /usr/lib/gcc/aarch64-linux-gnu/8]
  ignore line: [Selected GCC installation: /usr/bin/../lib/gcc/aarch64-linux-gnu/7.5.0]
  ignore line: [Candidate multilib: .]
  ignore line: [@m64]
  ignore line: [Selected multilib: .]
  ignore line: [@m64]
  link line: [ "/usr/bin/ld" -export-dynamic -z relro --hash-style=gnu --eh-frame-hdr -m aarch64linux -export-dynamic -dynamic-linker /lib/ld-linux-aarch64.so.1 -o cmTC_038e0 /usr/bin/../lib/gcc/aarch64-linux-gnu/7.5.0/../../../aarch64-linux-gnu/crt1.o /usr/bin/../lib/gcc/aarch64-linux-gnu/7.5.0/../../../aarch64-linux-gnu/crti.o /usr/bin/../lib/gcc/aarch64-linux-gnu/7.5.0/crtbegin.o -L/usr/bin/../lib/gcc/aarch64-linux-gnu/7.5.0 -L/usr/bin/../lib/gcc/aarch64-linux-gnu/7.5.0/../../../aarch64-linux-gnu -L/lib/aarch64-linux-gnu -L/usr/lib/aarch64-linux-gnu -L/usr/bin/../lib/gcc/aarch64-linux-gnu/7.5.0/../../.. -L/usr/lib/llvm-6.0/bin/../lib -L/lib -L/usr/lib CMakeFiles/cmTC_038e0.dir/CMakeCCompilerABI.c.o -lgcc --as-needed -lgcc_s --no-as-needed -lc -lgcc --as-needed -lgcc_s --no-as-needed /usr/bin/../lib/gcc/aarch64-linux-gnu/7.5.0/crtend.o /usr/bin/../lib/gcc/aarch64-linux-gnu/7.5.0/../../../aarch64-linux-gnu/crtn.o]
    arg [/usr/bin/ld] ==> ignore
    arg [-export-dynamic] ==> ignore
    arg [-zrelro] ==> ignore
    arg [--hash-style=gnu] ==> ignore
    arg [--eh-frame-hdr] ==> ignore
    arg [-m] ==> ignore
    arg [aarch64linux] ==> ignore
    arg [-export-dynamic] ==> ignore
    arg [-dynamic-linker] ==> ignore
    arg [/lib/ld-linux-aarch64.so.1] ==> ignore
    arg [-o] ==> ignore
    arg [cmTC_038e0] ==> ignore
    arg [/usr/bin/../lib/gcc/aarch64-linux-gnu/7.5.0/../../../aarch64-linux-gnu/crt1.o] ==> ignore
    arg [/usr/bin/../lib/gcc/aarch64-linux-gnu/7.5.0/../../../aarch64-linux-gnu/crti.o] ==> ignore
    arg [/usr/bin/../lib/gcc/aarch64-linux-gnu/7.5.0/crtbegin.o] ==> ignore
    arg [-L/usr/bin/../lib/gcc/aarch64-linux-gnu/7.5.0] ==> dir [/usr/bin/../lib/gcc/aarch64-linux-gnu/7.5.0]
    arg [-L/usr/bin/../lib/gcc/aarch64-linux-gnu/7.5.0/../../../aarch64-linux-gnu] ==> dir [/usr/bin/../lib/gcc/aarch64-linux-gnu/7.5.0/../../../aarch64-linux-gnu]
    arg [-L/lib/aarch64-linux-gnu] ==> dir [/lib/aarch64-linux-gnu]
    arg [-L/usr/lib/aarch64-linux-gnu] ==> dir [/usr/lib/aarch64-linux-gnu]
    arg [-L/usr/bin/../lib/gcc/aarch64-linux-gnu/7.5.0/../../..] ==> dir [/usr/bin/../lib/gcc/aarch64-linux-gnu/7.5.0/../../..]
    arg [-L/usr/lib/llvm-6.0/bin/../lib] ==> dir [/usr/lib/llvm-6.0/bin/../lib]
    arg [-L/lib] ==> dir [/lib]
    arg [-L/usr/lib] ==> dir [/usr/lib]
    arg [CMakeFiles/cmTC_038e0.dir/CMakeCCompilerABI.c.o] ==> ignore
    arg [-lgcc] ==> lib [gcc]
    arg [--as-needed] ==> ignore
    arg [-lgcc_s] ==> lib [gcc_s]
    arg [--no-as-needed] ==> ignore
    arg [-lc] ==> lib [c]
    arg [-lgcc] ==> lib [gcc]
    arg [--as-needed] ==> ignore
    arg [-lgcc_s] ==> lib [gcc_s]
    arg [--no-as-needed] ==> ignore
    arg [/usr/bin/../lib/gcc/aarch64-linux-gnu/7.5.0/crtend.o] ==> ignore
    arg [/usr/bin/../lib/gcc/aarch64-linux-gnu/7.5.0/../../../aarch64-linux-gnu/crtn.o] ==> ignore
  collapse library dir [/usr/bin/../lib/gcc/aarch64-linux-gnu/7.5.0] ==> [/usr/lib/gcc/aarch64-linux-gnu/7.5.0]
  collapse library dir [/usr/bin/../lib/gcc/aarch64-linux-gnu/7.5.0/../../../aarch64-linux-gnu] ==> [/usr/lib/aarch64-linux-gnu]
  collapse library dir [/lib/aarch64-linux-gnu] ==> [/lib/aarch64-linux-gnu]
  collapse library dir [/usr/lib/aarch64-linux-gnu] ==> [/usr/lib/aarch64-linux-gnu]
  collapse library dir [/usr/bin/../lib/gcc/aarch64-linux-gnu/7.5.0/../../..] ==> [/usr/lib]
  collapse library dir [/usr/lib/llvm-6.0/bin/../lib] ==> [/usr/lib/llvm-6.0/lib]
  collapse library dir [/lib] ==> [/lib]
  collapse library dir [/usr/lib] ==> [/usr/lib]
  implicit libs: [gcc;gcc_s;c;gcc;gcc_s]
  implicit dirs: [/usr/lib/gcc/aarch64-linux-gnu/7.5.0;/usr/lib/aarch64-linux-gnu;/lib/aarch64-linux-gnu;/usr/lib;/usr/lib/llvm-6.0/lib;/lib]
  implicit fwks: []




Detecting C [-std=c11] compiler features compiled with the following output:
Change Dir: /home/nvidia/CLionProjects/VF_Following_20200905_n/build/CMakeFiles/CMakeTmp

Run Build Command:"/usr/bin/make" "cmTC_cd83f/fast"
/usr/bin/make -f CMakeFiles/cmTC_cd83f.dir/build.make CMakeFiles/cmTC_cd83f.dir/build
make[1]: Entering directory '/home/nvidia/CLionProjects/VF_Following_20200905_n/build/CMakeFiles/CMakeTmp'
Building C object CMakeFiles/cmTC_cd83f.dir/feature_tests.c.o
/usr/bin/cc   -std=c11 -o CMakeFiles/cmTC_cd83f.dir/feature_tests.c.o   -c /home/nvidia/CLionProjects/VF_Following_20200905_n/build/CMakeFiles/feature_tests.c
Linking C executable cmTC_cd83f
/usr/local/bin/cmake -E cmake_link_script CMakeFiles/cmTC_cd83f.dir/link.txt --verbose=1
/usr/bin/cc      -rdynamic CMakeFiles/cmTC_cd83f.dir/feature_tests.c.o  -o cmTC_cd83f 
make[1]: Leaving directory '/home/nvidia/CLionProjects/VF_Following_20200905_n/build/CMakeFiles/CMakeTmp'


    Feature record: C_FEATURE:1c_function_prototypes
    Feature record: C_FEATURE:1c_restrict
    Feature record: C_FEATURE:1c_static_assert
    Feature record: C_FEATURE:1c_variadic_macros


Detecting C [-std=c99] compiler features compiled with the following output:
Change Dir: /home/nvidia/CLionProjects/VF_Following_20200905_n/build/CMakeFiles/CMakeTmp

Run Build Command:"/usr/bin/make" "cmTC_cb0c9/fast"
/usr/bin/make -f CMakeFiles/cmTC_cb0c9.dir/build.make CMakeFiles/cmTC_cb0c9.dir/build
make[1]: Entering directory '/home/nvidia/CLionProjects/VF_Following_20200905_n/build/CMakeFiles/CMakeTmp'
Building C object CMakeFiles/cmTC_cb0c9.dir/feature_tests.c.o
/usr/bin/cc   -std=c99 -o CMakeFiles/cmTC_cb0c9.dir/feature_tests.c.o   -c /home/nvidia/CLionProjects/VF_Following_20200905_n/build/CMakeFiles/feature_tests.c
Linking C executable cmTC_cb0c9
/usr/local/bin/cmake -E cmake_link_script CMakeFiles/cmTC_cb0c9.dir/link.txt --verbose=1
/usr/bin/cc      -rdynamic CMakeFiles/cmTC_cb0c9.dir/feature_tests.c.o  -o cmTC_cb0c9 
make[1]: Leaving directory '/home/nvidia/CLionProjects/VF_Following_20200905_n/build/CMakeFiles/CMakeTmp'


    Feature record: C_FEATURE:1c_function_prototypes
    Feature record: C_FEATURE:1c_restrict
    Feature record: C_FEATURE:0c_static_assert
    Feature record: C_FEATURE:1c_variadic_macros


Detecting C [-std=c90] compiler features compiled with the following output:
Change Dir: /home/nvidia/CLionProjects/VF_Following_20200905_n/build/CMakeFiles/CMakeTmp

Run Build Command:"/usr/bin/make" "cmTC_d5933/fast"
/usr/bin/make -f CMakeFiles/cmTC_d5933.dir/build.make CMakeFiles/cmTC_d5933.dir/build
make[1]: Entering directory '/home/nvidia/CLionProjects/VF_Following_20200905_n/build/CMakeFiles/CMakeTmp'
Building C object CMakeFiles/cmTC_d5933.dir/feature_tests.c.o
/usr/bin/cc   -std=c90 -o CMakeFiles/cmTC_d5933.dir/feature_tests.c.o   -c /home/nvidia/CLionProjects/VF_Following_20200905_n/build/CMakeFiles/feature_tests.c
Linking C executable cmTC_d5933
/usr/local/bin/cmake -E cmake_link_script CMakeFiles/cmTC_d5933.dir/link.txt --verbose=1
/usr/bin/cc      -rdynamic CMakeFiles/cmTC_d5933.dir/feature_tests.c.o  -o cmTC_d5933 
make[1]: Leaving directory '/home/nvidia/CLionProjects/VF_Following_20200905_n/build/CMakeFiles/CMakeTmp'


    Feature record: C_FEATURE:1c_function_prototypes
    Feature record: C_FEATURE:0c_restrict
    Feature record: C_FEATURE:0c_static_assert
    Feature record: C_FEATURE:0c_variadic_macros
Determining if the CXX compiler works passed with the following output:
Change Dir: /home/nvidia/CLionProjects/VF_Following_20200905_n/build/CMakeFiles/CMakeTmp

Run Build Command:"/usr/bin/make" "cmTC_b1251/fast"
/usr/bin/make -f CMakeFiles/cmTC_b1251.dir/build.make CMakeFiles/cmTC_b1251.dir/build
make[1]: Entering directory '/home/nvidia/CLionProjects/VF_Following_20200905_n/build/CMakeFiles/CMakeTmp'
Building CXX object CMakeFiles/cmTC_b1251.dir/testCXXCompiler.cxx.o
/usr/bin/c++     -o CMakeFiles/cmTC_b1251.dir/testCXXCompiler.cxx.o -c /home/nvidia/CLionProjects/VF_Following_20200905_n/build/CMakeFiles/CMakeTmp/testCXXCompiler.cxx
Linking CXX executable cmTC_b1251
/usr/local/bin/cmake -E cmake_link_script CMakeFiles/cmTC_b1251.dir/link.txt --verbose=1
/usr/bin/c++       -rdynamic CMakeFiles/cmTC_b1251.dir/testCXXCompiler.cxx.o  -o cmTC_b1251 
make[1]: Leaving directory '/home/nvidia/CLionProjects/VF_Following_20200905_n/build/CMakeFiles/CMakeTmp'


Detecting CXX compiler ABI info compiled with the following output:
Change Dir: /home/nvidia/CLionProjects/VF_Following_20200905_n/build/CMakeFiles/CMakeTmp

Run Build Command:"/usr/bin/make" "cmTC_053f1/fast"
/usr/bin/make -f CMakeFiles/cmTC_053f1.dir/build.make CMakeFiles/cmTC_053f1.dir/build
make[1]: Entering directory '/home/nvidia/CLionProjects/VF_Following_20200905_n/build/CMakeFiles/CMakeTmp'
Building CXX object CMakeFiles/cmTC_053f1.dir/CMakeCXXCompilerABI.cpp.o
/usr/bin/c++     -o CMakeFiles/cmTC_053f1.dir/CMakeCXXCompilerABI.cpp.o -c /usr/local/share/cmake-3.12/Modules/CMakeCXXCompilerABI.cpp
Linking CXX executable cmTC_053f1
/usr/local/bin/cmake -E cmake_link_script CMakeFiles/cmTC_053f1.dir/link.txt --verbose=1
/usr/bin/c++      -v -rdynamic CMakeFiles/cmTC_053f1.dir/CMakeCXXCompilerABI.cpp.o  -o cmTC_053f1 
clang version 6.0.0-1ubuntu2 (tags/RELEASE_600/final)
Target: aarch64-unknown-linux-gnu
Thread model: posix
InstalledDir: /usr/bin
Found candidate GCC installation: /usr/bin/../lib/gcc/aarch64-linux-gnu/7
Found candidate GCC installation: /usr/bin/../lib/gcc/aarch64-linux-gnu/7.5.0
Found candidate GCC installation: /usr/bin/../lib/gcc/aarch64-linux-gnu/8
Found candidate GCC installation: /usr/lib/gcc/aarch64-linux-gnu/7
Found candidate GCC installation: /usr/lib/gcc/aarch64-linux-gnu/7.5.0
Found candidate GCC installation: /usr/lib/gcc/aarch64-linux-gnu/8
Selected GCC installation: /usr/bin/../lib/gcc/aarch64-linux-gnu/7.5.0
Candidate multilib: .;@m64
Selected multilib: .;@m64
 "/usr/bin/ld" -export-dynamic -z relro --hash-style=gnu --eh-frame-hdr -m aarch64linux -export-dynamic -dynamic-linker /lib/ld-linux-aarch64.so.1 -o cmTC_053f1 /usr/bin/../lib/gcc/aarch64-linux-gnu/7.5.0/../../../aarch64-linux-gnu/crt1.o /usr/bin/../lib/gcc/aarch64-linux-gnu/7.5.0/../../../aarch64-linux-gnu/crti.o /usr/bin/../lib/gcc/aarch64-linux-gnu/7.5.0/crtbegin.o -L/usr/bin/../lib/gcc/aarch64-linux-gnu/7.5.0 -L/usr/bin/../lib/gcc/aarch64-linux-gnu/7.5.0/../../../aarch64-linux-gnu -L/lib/aarch64-linux-gnu -L/usr/lib/aarch64-linux-gnu -L/usr/bin/../lib/gcc/aarch64-linux-gnu/7.5.0/../../.. -L/usr/lib/llvm-6.0/bin/../lib -L/lib -L/usr/lib CMakeFiles/cmTC_053f1.dir/CMakeCXXCompilerABI.cpp.o -lstdc++ -lm -lgcc_s -lgcc -lc -lgcc_s -lgcc /usr/bin/../lib/gcc/aarch64-linux-gnu/7.5.0/crtend.o /usr/bin/../lib/gcc/aarch64-linux-gnu/7.5.0/../../../aarch64-linux-gnu/crtn.o
make[1]: Leaving directory '/home/nvidia/CLionProjects/VF_Following_20200905_n/build/CMakeFiles/CMakeTmp'


Parsed CXX implicit link information from above output:
  link line regex: [^( *|.*[/\])(ld|CMAKE_LINK_STARTFILE-NOTFOUND|([^/\]+-)?ld|collect2)[^/\]*( |$)]
  ignore line: [Change Dir: /home/nvidia/CLionProjects/VF_Following_20200905_n/build/CMakeFiles/CMakeTmp]
  ignore line: []
  ignore line: [Run Build Command:"/usr/bin/make" "cmTC_053f1/fast"]
  ignore line: [/usr/bin/make -f CMakeFiles/cmTC_053f1.dir/build.make CMakeFiles/cmTC_053f1.dir/build]
  ignore line: [make[1]: Entering directory '/home/nvidia/CLionProjects/VF_Following_20200905_n/build/CMakeFiles/CMakeTmp']
  ignore line: [Building CXX object CMakeFiles/cmTC_053f1.dir/CMakeCXXCompilerABI.cpp.o]
  ignore line: [/usr/bin/c++     -o CMakeFiles/cmTC_053f1.dir/CMakeCXXCompilerABI.cpp.o -c /usr/local/share/cmake-3.12/Modules/CMakeCXXCompilerABI.cpp]
  ignore line: [Linking CXX executable cmTC_053f1]
  ignore line: [/usr/local/bin/cmake -E cmake_link_script CMakeFiles/cmTC_053f1.dir/link.txt --verbose=1]
  ignore line: [/usr/bin/c++      -v -rdynamic CMakeFiles/cmTC_053f1.dir/CMakeCXXCompilerABI.cpp.o  -o cmTC_053f1 ]
  ignore line: [clang version 6.0.0-1ubuntu2 (tags/RELEASE_600/final)]
  ignore line: [Target: aarch64-unknown-linux-gnu]
  ignore line: [Thread model: posix]
  ignore line: [InstalledDir: /usr/bin]
  ignore line: [Found candidate GCC installation: /usr/bin/../lib/gcc/aarch64-linux-gnu/7]
  ignore line: [Found candidate GCC installation: /usr/bin/../lib/gcc/aarch64-linux-gnu/7.5.0]
  ignore line: [Found candidate GCC installation: /usr/bin/../lib/gcc/aarch64-linux-gnu/8]
  ignore line: [Found candidate GCC installation: /usr/lib/gcc/aarch64-linux-gnu/7]
  ignore line: [Found candidate GCC installation: /usr/lib/gcc/aarch64-linux-gnu/7.5.0]
  ignore line: [Found candidate GCC installation: /usr/lib/gcc/aarch64-linux-gnu/8]
  ignore line: [Selected GCC installation: /usr/bin/../lib/gcc/aarch64-linux-gnu/7.5.0]
  ignore line: [Candidate multilib: .]
  ignore line: [@m64]
  ignore line: [Selected multilib: .]
  ignore line: [@m64]
  link line: [ "/usr/bin/ld" -export-dynamic -z relro --hash-style=gnu --eh-frame-hdr -m aarch64linux -export-dynamic -dynamic-linker /lib/ld-linux-aarch64.so.1 -o cmTC_053f1 /usr/bin/../lib/gcc/aarch64-linux-gnu/7.5.0/../../../aarch64-linux-gnu/crt1.o /usr/bin/../lib/gcc/aarch64-linux-gnu/7.5.0/../../../aarch64-linux-gnu/crti.o /usr/bin/../lib/gcc/aarch64-linux-gnu/7.5.0/crtbegin.o -L/usr/bin/../lib/gcc/aarch64-linux-gnu/7.5.0 -L/usr/bin/../lib/gcc/aarch64-linux-gnu/7.5.0/../../../aarch64-linux-gnu -L/lib/aarch64-linux-gnu -L/usr/lib/aarch64-linux-gnu -L/usr/bin/../lib/gcc/aarch64-linux-gnu/7.5.0/../../.. -L/usr/lib/llvm-6.0/bin/../lib -L/lib -L/usr/lib CMakeFiles/cmTC_053f1.dir/CMakeCXXCompilerABI.cpp.o -lstdc++ -lm -lgcc_s -lgcc -lc -lgcc_s -lgcc /usr/bin/../lib/gcc/aarch64-linux-gnu/7.5.0/crtend.o /usr/bin/../lib/gcc/aarch64-linux-gnu/7.5.0/../../../aarch64-linux-gnu/crtn.o]
    arg [/usr/bin/ld] ==> ignore
    arg [-export-dynamic] ==> ignore
    arg [-zrelro] ==> ignore
    arg [--hash-style=gnu] ==> ignore
    arg [--eh-frame-hdr] ==> ignore
    arg [-m] ==> ignore
    arg [aarch64linux] ==> ignore
    arg [-export-dynamic] ==> ignore
    arg [-dynamic-linker] ==> ignore
    arg [/lib/ld-linux-aarch64.so.1] ==> ignore
    arg [-o] ==> ignore
    arg [cmTC_053f1] ==> ignore
    arg [/usr/bin/../lib/gcc/aarch64-linux-gnu/7.5.0/../../../aarch64-linux-gnu/crt1.o] ==> ignore
    arg [/usr/bin/../lib/gcc/aarch64-linux-gnu/7.5.0/../../../aarch64-linux-gnu/crti.o] ==> ignore
    arg [/usr/bin/../lib/gcc/aarch64-linux-gnu/7.5.0/crtbegin.o] ==> ignore
    arg [-L/usr/bin/../lib/gcc/aarch64-linux-gnu/7.5.0] ==> dir [/usr/bin/../lib/gcc/aarch64-linux-gnu/7.5.0]
    arg [-L/usr/bin/../lib/gcc/aarch64-linux-gnu/7.5.0/../../../aarch64-linux-gnu] ==> dir [/usr/bin/../lib/gcc/aarch64-linux-gnu/7.5.0/../../../aarch64-linux-gnu]
    arg [-L/lib/aarch64-linux-gnu] ==> dir [/lib/aarch64-linux-gnu]
    arg [-L/usr/lib/aarch64-linux-gnu] ==> dir [/usr/lib/aarch64-linux-gnu]
    arg [-L/usr/bin/../lib/gcc/aarch64-linux-gnu/7.5.0/../../..] ==> dir [/usr/bin/../lib/gcc/aarch64-linux-gnu/7.5.0/../../..]
    arg [-L/usr/lib/llvm-6.0/bin/../lib] ==> dir [/usr/lib/llvm-6.0/bin/../lib]
    arg [-L/lib] ==> dir [/lib]
    arg [-L/usr/lib] ==> dir [/usr/lib]
    arg [CMakeFiles/cmTC_053f1.dir/CMakeCXXCompilerABI.cpp.o] ==> ignore
    arg [-lstdc++] ==> lib [stdc++]
    arg [-lm] ==> lib [m]
    arg [-lgcc_s] ==> lib [gcc_s]
    arg [-lgcc] ==> lib [gcc]
    arg [-lc] ==> lib [c]
    arg [-lgcc_s] ==> lib [gcc_s]
    arg [-lgcc] ==> lib [gcc]
    arg [/usr/bin/../lib/gcc/aarch64-linux-gnu/7.5.0/crtend.o] ==> ignore
    arg [/usr/bin/../lib/gcc/aarch64-linux-gnu/7.5.0/../../../aarch64-linux-gnu/crtn.o] ==> ignore
  collapse library dir [/usr/bin/../lib/gcc/aarch64-linux-gnu/7.5.0] ==> [/usr/lib/gcc/aarch64-linux-gnu/7.5.0]
  collapse library dir [/usr/bin/../lib/gcc/aarch64-linux-gnu/7.5.0/../../../aarch64-linux-gnu] ==> [/usr/lib/aarch64-linux-gnu]
  collapse library dir [/lib/aarch64-linux-gnu] ==> [/lib/aarch64-linux-gnu]
  collapse library dir [/usr/lib/aarch64-linux-gnu] ==> [/usr/lib/aarch64-linux-gnu]
  collapse library dir [/usr/bin/../lib/gcc/aarch64-linux-gnu/7.5.0/../../..] ==> [/usr/lib]
  collapse library dir [/usr/lib/llvm-6.0/bin/../lib] ==> [/usr/lib/llvm-6.0/lib]
  collapse library dir [/lib] ==> [/lib]
  collapse library dir [/usr/lib] ==> [/usr/lib]
  implicit libs: [stdc++;m;gcc_s;gcc;c;gcc_s;gcc]
  implicit dirs: [/usr/lib/gcc/aarch64-linux-gnu/7.5.0;/usr/lib/aarch64-linux-gnu;/lib/aarch64-linux-gnu;/usr/lib;/usr/lib/llvm-6.0/lib;/lib]
  implicit fwks: []




Detecting CXX [-std=c++2a] compiler features compiled with the following output:
Change Dir: /home/nvidia/CLionProjects/VF_Following_20200905_n/build/CMakeFiles/CMakeTmp

Run Build Command:"/usr/bin/make" "cmTC_8677a/fast"
/usr/bin/make -f CMakeFiles/cmTC_8677a.dir/build.make CMakeFiles/cmTC_8677a.dir/build
make[1]: Entering directory '/home/nvidia/CLionProjects/VF_Following_20200905_n/build/CMakeFiles/CMakeTmp'
Building CXX object CMakeFiles/cmTC_8677a.dir/feature_tests.cxx.o
/usr/bin/c++    -std=c++2a -o CMakeFiles/cmTC_8677a.dir/feature_tests.cxx.o -c /home/nvidia/CLionProjects/VF_Following_20200905_n/build/CMakeFiles/feature_tests.cxx
Linking CXX executable cmTC_8677a
/usr/local/bin/cmake -E cmake_link_script CMakeFiles/cmTC_8677a.dir/link.txt --verbose=1
/usr/bin/c++       -rdynamic CMakeFiles/cmTC_8677a.dir/feature_tests.cxx.o  -o cmTC_8677a 
make[1]: Leaving directory '/home/nvidia/CLionProjects/VF_Following_20200905_n/build/CMakeFiles/CMakeTmp'


    Feature record: CXX_FEATURE:1cxx_aggregate_default_initializers
    Feature record: CXX_FEATURE:1cxx_alias_templates
    Feature record: CXX_FEATURE:1cxx_alignas
    Feature record: CXX_FEATURE:1cxx_alignof
    Feature record: CXX_FEATURE:1cxx_attributes
    Feature record: CXX_FEATURE:1cxx_attribute_deprecated
    Feature record: CXX_FEATURE:1cxx_auto_type
    Feature record: CXX_FEATURE:1cxx_binary_literals
    Feature record: CXX_FEATURE:1cxx_constexpr
    Feature record: CXX_FEATURE:1cxx_contextual_conversions
    Feature record: CXX_FEATURE:1cxx_decltype
    Feature record: CXX_FEATURE:1cxx_decltype_auto
    Feature record: CXX_FEATURE:1cxx_decltype_incomplete_return_types
    Feature record: CXX_FEATURE:1cxx_default_function_template_args
    Feature record: CXX_FEATURE:1cxx_defaulted_functions
    Feature record: CXX_FEATURE:1cxx_defaulted_move_initializers
    Feature record: CXX_FEATURE:1cxx_delegating_constructors
    Feature record: CXX_FEATURE:1cxx_deleted_functions
    Feature record: CXX_FEATURE:1cxx_digit_separators
    Feature record: CXX_FEATURE:1cxx_enum_forward_declarations
    Feature record: CXX_FEATURE:1cxx_explicit_conversions
    Feature record: CXX_FEATURE:1cxx_extended_friend_declarations
    Feature record: CXX_FEATURE:1cxx_extern_templates
    Feature record: CXX_FEATURE:1cxx_final
    Feature record: CXX_FEATURE:1cxx_func_identifier
    Feature record: CXX_FEATURE:1cxx_generalized_initializers
    Feature record: CXX_FEATURE:1cxx_generic_lambdas
    Feature record: CXX_FEATURE:1cxx_inheriting_constructors
    Feature record: CXX_FEATURE:1cxx_inline_namespaces
    Feature record: CXX_FEATURE:1cxx_lambdas
    Feature record: CXX_FEATURE:1cxx_lambda_init_captures
    Feature record: CXX_FEATURE:1cxx_local_type_template_args
    Feature record: CXX_FEATURE:1cxx_long_long_type
    Feature record: CXX_FEATURE:1cxx_noexcept
    Feature record: CXX_FEATURE:1cxx_nonstatic_member_init
    Feature record: CXX_FEATURE:1cxx_nullptr
    Feature record: CXX_FEATURE:1cxx_override
    Feature record: CXX_FEATURE:1cxx_range_for
    Feature record: CXX_FEATURE:1cxx_raw_string_literals
    Feature record: CXX_FEATURE:1cxx_reference_qualified_functions
    Feature record: CXX_FEATURE:1cxx_relaxed_constexpr
    Feature record: CXX_FEATURE:1cxx_return_type_deduction
    Feature record: CXX_FEATURE:1cxx_right_angle_brackets
    Feature record: CXX_FEATURE:1cxx_rvalue_references
    Feature record: CXX_FEATURE:1cxx_sizeof_member
    Feature record: CXX_FEATURE:1cxx_static_assert
    Feature record: CXX_FEATURE:1cxx_strong_enums
    Feature record: CXX_FEATURE:1cxx_template_template_parameters
    Feature record: CXX_FEATURE:1cxx_thread_local
    Feature record: CXX_FEATURE:1cxx_trailing_return_types
    Feature record: CXX_FEATURE:1cxx_unicode_literals
    Feature record: CXX_FEATURE:1cxx_uniform_initialization
    Feature record: CXX_FEATURE:1cxx_unrestricted_unions
    Feature record: CXX_FEATURE:1cxx_user_literals
    Feature record: CXX_FEATURE:1cxx_variable_templates
    Feature record: CXX_FEATURE:1cxx_variadic_macros
    Feature record: CXX_FEATURE:1cxx_variadic_templates


Detecting CXX [-std=c++17] compiler features compiled with the following output:
Change Dir: /home/nvidia/CLionProjects/VF_Following_20200905_n/build/CMakeFiles/CMakeTmp

Run Build Command:"/usr/bin/make" "cmTC_6fe1d/fast"
/usr/bin/make -f CMakeFiles/cmTC_6fe1d.dir/build.make CMakeFiles/cmTC_6fe1d.dir/build
make[1]: Entering directory '/home/nvidia/CLionProjects/VF_Following_20200905_n/build/CMakeFiles/CMakeTmp'
Building CXX object CMakeFiles/cmTC_6fe1d.dir/feature_tests.cxx.o
/usr/bin/c++    -std=c++17 -o CMakeFiles/cmTC_6fe1d.dir/feature_tests.cxx.o -c /home/nvidia/CLionProjects/VF_Following_20200905_n/build/CMakeFiles/feature_tests.cxx
Linking CXX executable cmTC_6fe1d
/usr/local/bin/cmake -E cmake_link_script CMakeFiles/cmTC_6fe1d.dir/link.txt --verbose=1
/usr/bin/c++       -rdynamic CMakeFiles/cmTC_6fe1d.dir/feature_tests.cxx.o  -o cmTC_6fe1d 
make[1]: Leaving directory '/home/nvidia/CLionProjects/VF_Following_20200905_n/build/CMakeFiles/CMakeTmp'


    Feature record: CXX_FEATURE:1cxx_aggregate_default_initializers
    Feature record: CXX_FEATURE:1cxx_alias_templates
    Feature record: CXX_FEATURE:1cxx_alignas
    Feature record: CXX_FEATURE:1cxx_alignof
    Feature record: CXX_FEATURE:1cxx_attributes
    Feature record: CXX_FEATURE:1cxx_attribute_deprecated
    Feature record: CXX_FEATURE:1cxx_auto_type
    Feature record: CXX_FEATURE:1cxx_binary_literals
    Feature record: CXX_FEATURE:1cxx_constexpr
    Feature record: CXX_FEATURE:1cxx_contextual_conversions
    Feature record: CXX_FEATURE:1cxx_decltype
    Feature record: CXX_FEATURE:1cxx_decltype_auto
    Feature record: CXX_FEATURE:1cxx_decltype_incomplete_return_types
    Feature record: CXX_FEATURE:1cxx_default_function_template_args
    Feature record: CXX_FEATURE:1cxx_defaulted_functions
    Feature record: CXX_FEATURE:1cxx_defaulted_move_initializers
    Feature record: CXX_FEATURE:1cxx_delegating_constructors
    Feature record: CXX_FEATURE:1cxx_deleted_functions
    Feature record: CXX_FEATURE:1cxx_digit_separators
    Feature record: CXX_FEATURE:1cxx_enum_forward_declarations
    Feature record: CXX_FEATURE:1cxx_explicit_conversions
    Feature record: CXX_FEATURE:1cxx_extended_friend_declarations
    Feature record: CXX_FEATURE:1cxx_extern_templates
    Feature record: CXX_FEATURE:1cxx_final
    Feature record: CXX_FEATURE:1cxx_func_identifier
    Feature record: CXX_FEATURE:1cxx_generalized_initializers
    Feature record: CXX_FEATURE:1cxx_generic_lambdas
    Feature record: CXX_FEATURE:1cxx_inheriting_constructors
    Feature record: CXX_FEATURE:1cxx_inline_namespaces
    Feature record: CXX_FEATURE:1cxx_lambdas
    Feature record: CXX_FEATURE:1cxx_lambda_init_captures
    Feature record: CXX_FEATURE:1cxx_local_type_template_args
    Feature record: CXX_FEATURE:1cxx_long_long_type
    Feature record: CXX_FEATURE:1cxx_noexcept
    Feature record: CXX_FEATURE:1cxx_nonstatic_member_init
    Feature record: CXX_FEATURE:1cxx_nullptr
    Feature record: CXX_FEATURE:1cxx_override
    Feature record: CXX_FEATURE:1cxx_range_for
    Feature record: CXX_FEATURE:1cxx_raw_string_literals
    Feature record: CXX_FEATURE:1cxx_reference_qualified_functions
    Feature record: CXX_FEATURE:1cxx_relaxed_constexpr
    Feature record: CXX_FEATURE:1cxx_return_type_deduction
    Feature record: CXX_FEATURE:1cxx_right_angle_brackets
    Feature record: CXX_FEATURE:1cxx_rvalue_references
    Feature record: CXX_FEATURE:1cxx_sizeof_member
    Feature record: CXX_FEATURE:1cxx_static_assert
    Feature record: CXX_FEATURE:1cxx_strong_enums
    Feature record: CXX_FEATURE:1cxx_template_template_parameters
    Feature record: CXX_FEATURE:1cxx_thread_local
    Feature record: CXX_FEATURE:1cxx_trailing_return_types
    Feature record: CXX_FEATURE:1cxx_unicode_literals
    Feature record: CXX_FEATURE:1cxx_uniform_initialization
    Feature record: CXX_FEATURE:1cxx_unrestricted_unions
    Feature record: CXX_FEATURE:1cxx_user_literals
    Feature record: CXX_FEATURE:1cxx_variable_templates
    Feature record: CXX_FEATURE:1cxx_variadic_macros
    Feature record: CXX_FEATURE:1cxx_variadic_templates


Detecting CXX [-std=c++14] compiler features compiled with the following output:
Change Dir: /home/nvidia/CLionProjects/VF_Following_20200905_n/build/CMakeFiles/CMakeTmp

Run Build Command:"/usr/bin/make" "cmTC_86bd0/fast"
/usr/bin/make -f CMakeFiles/cmTC_86bd0.dir/build.make CMakeFiles/cmTC_86bd0.dir/build
make[1]: Entering directory '/home/nvidia/CLionProjects/VF_Following_20200905_n/build/CMakeFiles/CMakeTmp'
Building CXX object CMakeFiles/cmTC_86bd0.dir/feature_tests.cxx.o
/usr/bin/c++    -std=c++14 -o CMakeFiles/cmTC_86bd0.dir/feature_tests.cxx.o -c /home/nvidia/CLionProjects/VF_Following_20200905_n/build/CMakeFiles/feature_tests.cxx
Linking CXX executable cmTC_86bd0
/usr/local/bin/cmake -E cmake_link_script CMakeFiles/cmTC_86bd0.dir/link.txt --verbose=1
/usr/bin/c++       -rdynamic CMakeFiles/cmTC_86bd0.dir/feature_tests.cxx.o  -o cmTC_86bd0 
make[1]: Leaving directory '/home/nvidia/CLionProjects/VF_Following_20200905_n/build/CMakeFiles/CMakeTmp'


    Feature record: CXX_FEATURE:1cxx_aggregate_default_initializers
    Feature record: CXX_FEATURE:1cxx_alias_templates
    Feature record: CXX_FEATURE:1cxx_alignas
    Feature record: CXX_FEATURE:1cxx_alignof
    Feature record: CXX_FEATURE:1cxx_attributes
    Feature record: CXX_FEATURE:1cxx_attribute_deprecated
    Feature record: CXX_FEATURE:1cxx_auto_type
    Feature record: CXX_FEATURE:1cxx_binary_literals
    Feature record: CXX_FEATURE:1cxx_constexpr
    Feature record: CXX_FEATURE:1cxx_contextual_conversions
    Feature record: CXX_FEATURE:1cxx_decltype
    Feature record: CXX_FEATURE:1cxx_decltype_auto
    Feature record: CXX_FEATURE:1cxx_decltype_incomplete_return_types
    Feature record: CXX_FEATURE:1cxx_default_function_template_args
    Feature record: CXX_FEATURE:1cxx_defaulted_functions
    Feature record: CXX_FEATURE:1cxx_defaulted_move_initializers
    Feature record: CXX_FEATURE:1cxx_delegating_constructors
    Feature record: CXX_FEATURE:1cxx_deleted_functions
    Feature record: CXX_FEATURE:1cxx_digit_separators
    Feature record: CXX_FEATURE:1cxx_enum_forward_declarations
    Feature record: CXX_FEATURE:1cxx_explicit_conversions
    Feature record: CXX_FEATURE:1cxx_extended_friend_declarations
    Feature record: CXX_FEATURE:1cxx_extern_templates
    Feature record: CXX_FEATURE:1cxx_final
    Feature record: CXX_FEATURE:1cxx_func_identifier
    Feature record: CXX_FEATURE:1cxx_generalized_initializers
    Feature record: CXX_FEATURE:1cxx_generic_lambdas
    Feature record: CXX_FEATURE:1cxx_inheriting_constructors
    Feature record: CXX_FEATURE:1cxx_inline_namespaces
    Feature record: CXX_FEATURE:1cxx_lambdas
    Feature record: CXX_FEATURE:1cxx_lambda_init_captures
    Feature record: CXX_FEATURE:1cxx_local_type_template_args
    Feature record: CXX_FEATURE:1cxx_long_long_type
    Feature record: CXX_FEATURE:1cxx_noexcept
    Feature record: CXX_FEATURE:1cxx_nonstatic_member_init
    Feature record: CXX_FEATURE:1cxx_nullptr
    Feature record: CXX_FEATURE:1cxx_override
    Feature record: CXX_FEATURE:1cxx_range_for
    Feature record: CXX_FEATURE:1cxx_raw_string_literals
    Feature record: CXX_FEATURE:1cxx_reference_qualified_functions
    Feature record: CXX_FEATURE:1cxx_relaxed_constexpr
    Feature record: CXX_FEATURE:1cxx_return_type_deduction
    Feature record: CXX_FEATURE:1cxx_right_angle_brackets
    Feature record: CXX_FEATURE:1cxx_rvalue_references
    Feature record: CXX_FEATURE:1cxx_sizeof_member
    Feature record: CXX_FEATURE:1cxx_static_assert
    Feature record: CXX_FEATURE:1cxx_strong_enums
    Feature record: CXX_FEATURE:1cxx_template_template_parameters
    Feature record: CXX_FEATURE:1cxx_thread_local
    Feature record: CXX_FEATURE:1cxx_trailing_return_types
    Feature record: CXX_FEATURE:1cxx_unicode_literals
    Feature record: CXX_FEATURE:1cxx_uniform_initialization
    Feature record: CXX_FEATURE:1cxx_unrestricted_unions
    Feature record: CXX_FEATURE:1cxx_user_literals
    Feature record: CXX_FEATURE:1cxx_variable_templates
    Feature record: CXX_FEATURE:1cxx_variadic_macros
    Feature record: CXX_FEATURE:1cxx_variadic_templates


Detecting CXX [-std=c++11] compiler features compiled with the following output:
Change Dir: /home/nvidia/CLionProjects/VF_Following_20200905_n/build/CMakeFiles/CMakeTmp

Run Build Command:"/usr/bin/make" "cmTC_3349d/fast"
/usr/bin/make -f CMakeFiles/cmTC_3349d.dir/build.make CMakeFiles/cmTC_3349d.dir/build
make[1]: Entering directory '/home/nvidia/CLionProjects/VF_Following_20200905_n/build/CMakeFiles/CMakeTmp'
Building CXX object CMakeFiles/cmTC_3349d.dir/feature_tests.cxx.o
/usr/bin/c++    -std=c++11 -o CMakeFiles/cmTC_3349d.dir/feature_tests.cxx.o -c /home/nvidia/CLionProjects/VF_Following_20200905_n/build/CMakeFiles/feature_tests.cxx
Linking CXX executable cmTC_3349d
/usr/local/bin/cmake -E cmake_link_script CMakeFiles/cmTC_3349d.dir/link.txt --verbose=1
/usr/bin/c++       -rdynamic CMakeFiles/cmTC_3349d.dir/feature_tests.cxx.o  -o cmTC_3349d 
make[1]: Leaving directory '/home/nvidia/CLionProjects/VF_Following_20200905_n/build/CMakeFiles/CMakeTmp'


    Feature record: CXX_FEATURE:0cxx_aggregate_default_initializers
    Feature record: CXX_FEATURE:1cxx_alias_templates
    Feature record: CXX_FEATURE:1cxx_alignas
    Feature record: CXX_FEATURE:1cxx_alignof
    Feature record: CXX_FEATURE:1cxx_attributes
    Feature record: CXX_FEATURE:0cxx_attribute_deprecated
    Feature record: CXX_FEATURE:1cxx_auto_type
    Feature record: CXX_FEATURE:0cxx_binary_literals
    Feature record: CXX_FEATURE:1cxx_constexpr
    Feature record: CXX_FEATURE:0cxx_contextual_conversions
    Feature record: CXX_FEATURE:1cxx_decltype
    Feature record: CXX_FEATURE:0cxx_decltype_auto
    Feature record: CXX_FEATURE:1cxx_decltype_incomplete_return_types
    Feature record: CXX_FEATURE:1cxx_default_function_template_args
    Feature record: CXX_FEATURE:1cxx_defaulted_functions
    Feature record: CXX_FEATURE:1cxx_defaulted_move_initializers
    Feature record: CXX_FEATURE:1cxx_delegating_constructors
    Feature record: CXX_FEATURE:1cxx_deleted_functions
    Feature record: CXX_FEATURE:0cxx_digit_separators
    Feature record: CXX_FEATURE:1cxx_enum_forward_declarations
    Feature record: CXX_FEATURE:1cxx_explicit_conversions
    Feature record: CXX_FEATURE:1cxx_extended_friend_declarations
    Feature record: CXX_FEATURE:1cxx_extern_templates
    Feature record: CXX_FEATURE:1cxx_final
    Feature record: CXX_FEATURE:1cxx_func_identifier
    Feature record: CXX_FEATURE:1cxx_generalized_initializers
    Feature record: CXX_FEATURE:0cxx_generic_lambdas
    Feature record: CXX_FEATURE:1cxx_inheriting_constructors
    Feature record: CXX_FEATURE:1cxx_inline_namespaces
    Feature record: CXX_FEATURE:1cxx_lambdas
    Feature record: CXX_FEATURE:0cxx_lambda_init_captures
    Feature record: CXX_FEATURE:1cxx_local_type_template_args
    Feature record: CXX_FEATURE:1cxx_long_long_type
    Feature record: CXX_FEATURE:1cxx_noexcept
    Feature record: CXX_FEATURE:1cxx_nonstatic_member_init
    Feature record: CXX_FEATURE:1cxx_nullptr
    Feature record: CXX_FEATURE:1cxx_override
    Feature record: CXX_FEATURE:1cxx_range_for
    Feature record: CXX_FEATURE:1cxx_raw_string_literals
    Feature record: CXX_FEATURE:1cxx_reference_qualified_functions
    Feature record: CXX_FEATURE:0cxx_relaxed_constexpr
    Feature record: CXX_FEATURE:0cxx_return_type_deduction
    Feature record: CXX_FEATURE:1cxx_right_angle_brackets
    Feature record: CXX_FEATURE:1cxx_rvalue_references
    Feature record: CXX_FEATURE:1cxx_sizeof_member
    Feature record: CXX_FEATURE:1cxx_static_assert
    Feature record: CXX_FEATURE:1cxx_strong_enums
    Feature record: CXX_FEATURE:1cxx_template_template_parameters
    Feature record: CXX_FEATURE:1cxx_thread_local
    Feature record: CXX_FEATURE:1cxx_trailing_return_types
    Feature record: CXX_FEATURE:1cxx_unicode_literals
    Feature record: CXX_FEATURE:1cxx_uniform_initialization
    Feature record: CXX_FEATURE:1cxx_unrestricted_unions
    Feature record: CXX_FEATURE:1cxx_user_literals
    Feature record: CXX_FEATURE:0cxx_variable_templates
    Feature record: CXX_FEATURE:1cxx_variadic_macros
    Feature record: CXX_FEATURE:1cxx_variadic_templates


Detecting CXX [-std=c++98] compiler features compiled with the following output:
Change Dir: /home/nvidia/CLionProjects/VF_Following_20200905_n/build/CMakeFiles/CMakeTmp

Run Build Command:"/usr/bin/make" "cmTC_fff1c/fast"
/usr/bin/make -f CMakeFiles/cmTC_fff1c.dir/build.make CMakeFiles/cmTC_fff1c.dir/build
make[1]: Entering directory '/home/nvidia/CLionProjects/VF_Following_20200905_n/build/CMakeFiles/CMakeTmp'
Building CXX object CMakeFiles/cmTC_fff1c.dir/feature_tests.cxx.o
/usr/bin/c++    -std=c++98 -o CMakeFiles/cmTC_fff1c.dir/feature_tests.cxx.o -c /home/nvidia/CLionProjects/VF_Following_20200905_n/build/CMakeFiles/feature_tests.cxx
Linking CXX executable cmTC_fff1c
/usr/local/bin/cmake -E cmake_link_script CMakeFiles/cmTC_fff1c.dir/link.txt --verbose=1
/usr/bin/c++       -rdynamic CMakeFiles/cmTC_fff1c.dir/feature_tests.cxx.o  -o cmTC_fff1c 
make[1]: Leaving directory '/home/nvidia/CLionProjects/VF_Following_20200905_n/build/CMakeFiles/CMakeTmp'


    Feature record: CXX_FEATURE:0cxx_aggregate_default_initializers
    Feature record: CXX_FEATURE:0cxx_alias_templates
    Feature record: CXX_FEATURE:0cxx_alignas
    Feature record: CXX_FEATURE:0cxx_alignof
    Feature record: CXX_FEATURE:0cxx_attributes
    Feature record: CXX_FEATURE:0cxx_attribute_deprecated
    Feature record: CXX_FEATURE:0cxx_auto_type
    Feature record: CXX_FEATURE:0cxx_binary_literals
    Feature record: CXX_FEATURE:0cxx_constexpr
    Feature record: CXX_FEATURE:0cxx_contextual_conversions
    Feature record: CXX_FEATURE:0cxx_decltype
    Feature record: CXX_FEATURE:0cxx_decltype_auto
    Feature record: CXX_FEATURE:0cxx_decltype_incomplete_return_types
    Feature record: CXX_FEATURE:0cxx_default_function_template_args
    Feature record: CXX_FEATURE:0cxx_defaulted_functions
    Feature record: CXX_FEATURE:0cxx_defaulted_move_initializers
    Feature record: CXX_FEATURE:0cxx_delegating_constructors
    Feature record: CXX_FEATURE:0cxx_deleted_functions
    Feature record: CXX_FEATURE:0cxx_digit_separators
    Feature record: CXX_FEATURE:0cxx_enum_forward_declarations
    Feature record: CXX_FEATURE:0cxx_explicit_conversions
    Feature record: CXX_FEATURE:0cxx_extended_friend_declarations
    Feature record: CXX_FEATURE:0cxx_extern_templates
    Feature record: CXX_FEATURE:0cxx_final
    Feature record: CXX_FEATURE:0cxx_func_identifier
    Feature record: CXX_FEATURE:0cxx_generalized_initializers
    Feature record: CXX_FEATURE:0cxx_generic_lambdas
    Feature record: CXX_FEATURE:0cxx_inheriting_constructors
    Feature record: CXX_FEATURE:0cxx_inline_namespaces
    Feature record: CXX_FEATURE:0cxx_lambdas
    Feature record: CXX_FEATURE:0cxx_lambda_init_captures
    Feature record: CXX_FEATURE:0cxx_local_type_template_args
    Feature record: CXX_FEATURE:0cxx_long_long_type
    Feature record: CXX_FEATURE:0cxx_noexcept
    Feature record: CXX_FEATURE:0cxx_nonstatic_member_init
    Feature record: CXX_FEATURE:0cxx_nullptr
    Feature record: CXX_FEATURE:0cxx_override
    Feature record: CXX_FEATURE:0cxx_range_for
    Feature record: CXX_FEATURE:0cxx_raw_string_literals
    Feature record: CXX_FEATURE:0cxx_reference_qualified_functions
    Feature record: CXX_FEATURE:0cxx_relaxed_constexpr
    Feature record: CXX_FEATURE:0cxx_return_type_deduction
    Feature record: CXX_FEATURE:0cxx_right_angle_brackets
    Feature record: CXX_FEATURE:0cxx_rvalue_references
    Feature record: CXX_FEATURE:0cxx_sizeof_member
    Feature record: CXX_FEATURE:0cxx_static_assert
    Feature record: CXX_FEATURE:0cxx_strong_enums
    Feature record: CXX_FEATURE:1cxx_template_template_parameters
    Feature record: CXX_FEATURE:0cxx_thread_local
    Feature record: CXX_FEATURE:0cxx_trailing_return_types
    Feature record: CXX_FEATURE:0cxx_unicode_literals
    Feature record: CXX_FEATURE:0cxx_uniform_initialization
    Feature record: CXX_FEATURE:0cxx_unrestricted_unions
    Feature record: CXX_FEATURE:0cxx_user_literals
    Feature record: CXX_FEATURE:0cxx_variable_templates
    Feature record: CXX_FEATURE:0cxx_variadic_macros
    Feature record: CXX_FEATURE:0cxx_variadic_templates
Performing C++ SOURCE FILE Test COMPILER_SUPPORTS_CXX11 succeeded with the following output:
Change Dir: /home/nvidia/CLionProjects/VF_Following_20200905_n/build/CMakeFiles/CMakeTmp

Run Build Command:"/usr/bin/make" "cmTC_bfa38/fast"
/usr/bin/make -f CMakeFiles/cmTC_bfa38.dir/build.make CMakeFiles/cmTC_bfa38.dir/build
make[1]: Entering directory '/home/nvidia/CLionProjects/VF_Following_20200905_n/build/CMakeFiles/CMakeTmp'
Building CXX object CMakeFiles/cmTC_bfa38.dir/src.cxx.o
/usr/bin/c++    -DCOMPILER_SUPPORTS_CXX11   -std=c++11 -o CMakeFiles/cmTC_bfa38.dir/src.cxx.o -c /home/nvidia/CLionProjects/VF_Following_20200905_n/build/CMakeFiles/CMakeTmp/src.cxx
Linking CXX executable cmTC_bfa38
/usr/local/bin/cmake -E cmake_link_script CMakeFiles/cmTC_bfa38.dir/link.txt --verbose=1
/usr/bin/c++   -DCOMPILER_SUPPORTS_CXX11    -rdynamic CMakeFiles/cmTC_bfa38.dir/src.cxx.o  -o cmTC_bfa38 
make[1]: Leaving directory '/home/nvidia/CLionProjects/VF_Following_20200905_n/build/CMakeFiles/CMakeTmp'

Source file was:
int main() { return 0; }
Performing C++ SOURCE FILE Test COMPILER_SUPPORTS_CXX0X succeeded with the following output:
Change Dir: /home/nvidia/CLionProjects/VF_Following_20200905_n/build/CMakeFiles/CMakeTmp

Run Build Command:"/usr/bin/make" "cmTC_1f89e/fast"
/usr/bin/make -f CMakeFiles/cmTC_1f89e.dir/build.make CMakeFiles/cmTC_1f89e.dir/build
make[1]: Entering directory '/home/nvidia/CLionProjects/VF_Following_20200905_n/build/CMakeFiles/CMakeTmp'
Building CXX object CMakeFiles/cmTC_1f89e.dir/src.cxx.o
/usr/bin/c++    -DCOMPILER_SUPPORTS_CXX0X   -std=c++0x -o CMakeFiles/cmTC_1f89e.dir/src.cxx.o -c /home/nvidia/CLionProjects/VF_Following_20200905_n/build/CMakeFiles/CMakeTmp/src.cxx
Linking CXX executable cmTC_1f89e
/usr/local/bin/cmake -E cmake_link_script CMakeFiles/cmTC_1f89e.dir/link.txt --verbose=1
/usr/bin/c++   -DCOMPILER_SUPPORTS_CXX0X    -rdynamic CMakeFiles/cmTC_1f89e.dir/src.cxx.o  -o cmTC_1f89e 
make[1]: Leaving directory '/home/nvidia/CLionProjects/VF_Following_20200905_n/build/CMakeFiles/CMakeTmp'

Source file was:
int main() { return 0; }
Determining if the include file pthread.h exists passed with the following output:
Change Dir: /home/nvidia/CLionProjects/VF_Following_20200905_n/build/CMakeFiles/CMakeTmp

Run Build Command:"/usr/bin/make" "cmTC_00d4b/fast"
/usr/bin/make -f CMakeFiles/cmTC_00d4b.dir/build.make CMakeFiles/cmTC_00d4b.dir/build
make[1]: Entering directory '/home/nvidia/CLionProjects/VF_Following_20200905_n/build/CMakeFiles/CMakeTmp'
Building C object CMakeFiles/cmTC_00d4b.dir/CheckIncludeFile.c.o
/usr/bin/cc    -o CMakeFiles/cmTC_00d4b.dir/CheckIncludeFile.c.o   -c /home/nvidia/CLionProjects/VF_Following_20200905_n/build/CMakeFiles/CMakeTmp/CheckIncludeFile.c
Linking C executable cmTC_00d4b
/usr/local/bin/cmake -E cmake_link_script CMakeFiles/cmTC_00d4b.dir/link.txt --verbose=1
/usr/bin/cc      -rdynamic CMakeFiles/cmTC_00d4b.dir/CheckIncludeFile.c.o  -o cmTC_00d4b 
make[1]: Leaving directory '/home/nvidia/CLionProjects/VF_Following_20200905_n/build/CMakeFiles/CMakeTmp'


Determining if the function pthread_create exists in the pthread passed with the following output:
Change Dir: /home/nvidia/CLionProjects/VF_Following_20200905_n/build/CMakeFiles/CMakeTmp

Run Build Command:"/usr/bin/make" "cmTC_29d64/fast"
/usr/bin/make -f CMakeFiles/cmTC_29d64.dir/build.make CMakeFiles/cmTC_29d64.dir/build
make[1]: Entering directory '/home/nvidia/CLionProjects/VF_Following_20200905_n/build/CMakeFiles/CMakeTmp'
Building C object CMakeFiles/cmTC_29d64.dir/CheckFunctionExists.c.o
/usr/bin/cc   -DCHECK_FUNCTION_EXISTS=pthread_create   -o CMakeFiles/cmTC_29d64.dir/CheckFunctionExists.c.o   -c /usr/local/share/cmake-3.12/Modules/CheckFunctionExists.c
Linking C executable cmTC_29d64
/usr/local/bin/cmake -E cmake_link_script CMakeFiles/cmTC_29d64.dir/link.txt --verbose=1
/usr/bin/cc  -DCHECK_FUNCTION_EXISTS=pthread_create    -rdynamic CMakeFiles/cmTC_29d64.dir/CheckFunctionExists.c.o  -o cmTC_29d64 -lpthread 
make[1]: Leaving directory '/home/nvidia/CLionProjects/VF_Following_20200905_n/build/CMakeFiles/CMakeTmp'


