Determining if the pthread_create exist failed with the following output:
Change Dir: /home/nvidia/CLionProjects/VF_Following_20200905_n/build/CMakeFiles/CMakeTmp

Run Build Command:"/usr/bin/make" "cmTC_f6067/fast"
/usr/bin/make -f CMakeFiles/cmTC_f6067.dir/build.make CMakeFiles/cmTC_f6067.dir/build
make[1]: Entering directory '/home/nvidia/CLionProjects/VF_Following_20200905_n/build/CMakeFiles/CMakeTmp'
Building C object CMakeFiles/cmTC_f6067.dir/CheckSymbolExists.c.o
/usr/bin/cc    -o CMakeFiles/cmTC_f6067.dir/CheckSymbolExists.c.o   -c /home/nvidia/CLionProjects/VF_Following_20200905_n/build/CMakeFiles/CMakeTmp/CheckSymbolExists.c
Linking C executable cmTC_f6067
/usr/local/bin/cmake -E cmake_link_script CMakeFiles/cmTC_f6067.dir/link.txt --verbose=1
/usr/bin/cc      -rdynamic CMakeFiles/cmTC_f6067.dir/CheckSymbolExists.c.o  -o cmTC_f6067 
CMakeFiles/cmTC_f6067.dir/CheckSymbolExists.c.o: In function `main':
CheckSymbolExists.c:(.text+0x4): undefined reference to `pthread_create'
CheckSymbolExists.c:(.text+0x8): undefined reference to `pthread_create'
clang: error: linker command failed with exit code 1 (use -v to see invocation)
CMakeFiles/cmTC_f6067.dir/build.make:86: recipe for target 'cmTC_f6067' failed
make[1]: *** [cmTC_f6067] Error 1
make[1]: Leaving directory '/home/nvidia/CLionProjects/VF_Following_20200905_n/build/CMakeFiles/CMakeTmp'
Makefile:121: recipe for target 'cmTC_f6067/fast' failed
make: *** [cmTC_f6067/fast] Error 2

File /home/nvidia/CLionProjects/VF_Following_20200905_n/build/CMakeFiles/CMakeTmp/CheckSymbolExists.c:
/* */
#include <pthread.h>

int main(int argc, char** argv)
{
  (void)argv;
#ifndef pthread_create
  return ((int*)(&pthread_create))[argc];
#else
  (void)argc;
  return 0;
#endif
}

Determining if the function pthread_create exists in the pthreads failed with the following output:
Change Dir: /home/nvidia/CLionProjects/VF_Following_20200905_n/build/CMakeFiles/CMakeTmp

Run Build Command:"/usr/bin/make" "cmTC_94c26/fast"
/usr/bin/make -f CMakeFiles/cmTC_94c26.dir/build.make CMakeFiles/cmTC_94c26.dir/build
make[1]: Entering directory '/home/nvidia/CLionProjects/VF_Following_20200905_n/build/CMakeFiles/CMakeTmp'
Building C object CMakeFiles/cmTC_94c26.dir/CheckFunctionExists.c.o
/usr/bin/cc   -DCHECK_FUNCTION_EXISTS=pthread_create   -o CMakeFiles/cmTC_94c26.dir/CheckFunctionExists.c.o   -c /usr/local/share/cmake-3.12/Modules/CheckFunctionExists.c
Linking C executable cmTC_94c26
/usr/local/bin/cmake -E cmake_link_script CMakeFiles/cmTC_94c26.dir/link.txt --verbose=1
/usr/bin/cc  -DCHECK_FUNCTION_EXISTS=pthread_create    -rdynamic CMakeFiles/cmTC_94c26.dir/CheckFunctionExists.c.o  -o cmTC_94c26 -lpthreads 
/usr/bin/ld: cannot find -lpthreads
clang: error: linker command failed with exit code 1 (use -v to see invocation)
CMakeFiles/cmTC_94c26.dir/build.make:86: recipe for target 'cmTC_94c26' failed
make[1]: *** [cmTC_94c26] Error 1
make[1]: Leaving directory '/home/nvidia/CLionProjects/VF_Following_20200905_n/build/CMakeFiles/CMakeTmp'
Makefile:121: recipe for target 'cmTC_94c26/fast' failed
make: *** [cmTC_94c26/fast] Error 2


